<?xml version="1.0" encoding="UTF-8"?>
<coverage generated="1781501629724" clover="3.2.0">
  <project timestamp="1781501629725" name="All files">
    <metrics statements="12" coveredstatements="10" conditionals="8" coveredconditionals="6" methods="3" coveredmethods="2" elements="23" coveredelements="18" complexity="0" loc="12" ncloc="12" packages="1" files="1" classes="1"/>
    <file name="index.js" path="F:\DevOps\Projects\my-cicd-project\app\index.js">
      <metrics statements="12" coveredstatements="10" conditionals="8" coveredconditionals="6" methods="3" coveredmethods="2"/>
      <line num="1" count="1" type="stmt"/>
      <line num="2" count="1" type="stmt"/>
      <line num="3" count="1" type="cond" truecount="2" falsecount="0"/>
      <line num="5" count="1" type="stmt"/>
      <line num="7" count="1" type="stmt"/>
      <line num="8" count="2" type="stmt"/>
      <line num="15" count="1" type="stmt"/>
      <line num="16" count="1" type="stmt"/>
      <line num="20" count="1" type="cond" truecount="1" falsecount="1"/>
      <line num="21" count="0" type="stmt"/>
      <line num="23" count="0" type="stmt"/>
      <line num="27" count="1" type="stmt"/>
    </file>
  </project>
</coverage>
