<?xml version="1.0" encoding="UTF-8"?>
<coverage generated="1781507083720" clover="3.2.0">
  <project timestamp="1781507083720" name="All files">
    <metrics statements="14" coveredstatements="11" conditionals="4" coveredconditionals="3" methods="3" coveredmethods="1" elements="21" coveredelements="15" complexity="0" loc="14" ncloc="14" packages="1" files="1" classes="1"/>
    <file name="index.js" path="F:\DevOps\Projects\my-cicd-project\app\index.js">
      <metrics statements="14" coveredstatements="11" conditionals="4" coveredconditionals="3" methods="3" coveredmethods="1"/>
      <line num="1" count="1" type="stmt"/>
      <line num="2" count="1" type="stmt"/>
      <line num="3" count="1" type="stmt"/>
      <line num="4" count="1" type="cond" truecount="2" falsecount="0"/>
      <line num="6" count="1" type="stmt"/>
      <line num="7" count="1" type="stmt"/>
      <line num="9" count="1" type="stmt"/>
      <line num="10" count="0" type="stmt"/>
      <line num="13" count="1" type="stmt"/>
      <line num="14" count="2" type="stmt"/>
      <line num="17" count="1" type="cond" truecount="1" falsecount="1"/>
      <line num="18" count="0" type="stmt"/>
      <line num="20" count="0" type="stmt"/>
      <line num="24" count="1" type="stmt"/>
    </file>
  </project>
</coverage>
