{"F:\\DevOps\\Projects\\my-cicd-project\\app\\index.js": {"path":"F:\\DevOps\\Projects\\my-cicd-project\\app\\index.js","statementMap":{"0":{"start":{"line":1,"column":16},"end":{"line":1,"column":34}},"1":{"start":{"line":2,"column":12},"end":{"line":2,"column":21}},"2":{"start":{"line":3,"column":13},"end":{"line":3,"column":37}},"3":{"start":{"line":5,"column":0},"end":{"line":5,"column":24}},"4":{"start":{"line":7,"column":0},"end":{"line":13,"column":3}},"5":{"start":{"line":8,"column":2},"end":{"line":12,"column":5}},"6":{"start":{"line":15,"column":0},"end":{"line":17,"column":3}},"7":{"start":{"line":16,"column":2},"end":{"line":16,"column":41}},"8":{"start":{"line":20,"column":0},"end":{"line":25,"column":1}},"9":{"start":{"line":21,"column":2},"end":{"line":24,"column":5}},"10":{"start":{"line":23,"column":4},"end":{"line":23,"column":50}},"11":{"start":{"line":27,"column":0},"end":{"line":27,"column":21}}},"fnMap":{"0":{"name":"(anonymous_0)","decl":{"start":{"line":7,"column":13},"end":{"line":7,"column":14}},"loc":{"start":{"line":7,"column":27},"end":{"line":13,"column":1}},"line":7},"1":{"name":"(anonymous_1)","decl":{"start":{"line":15,"column":19},"end":{"line":15,"column":20}},"loc":{"start":{"line":15,"column":33},"end":{"line":17,"column":1}},"line":15},"2":{"name":"(anonymous_2)","decl":{"start":{"line":21,"column":19},"end":{"line":21,"column":20}},"loc":{"start":{"line":21,"column":25},"end":{"line":24,"column":3}},"line":21}},"branchMap":{"0":{"loc":{"start":{"line":3,"column":13},"end":{"line":3,"column":37}},"type":"binary-expr","locations":[{"start":{"line":3,"column":13},"end":{"line":3,"column":29}},{"start":{"line":3,"column":33},"end":{"line":3,"column":37}}],"line":3},"1":{"loc":{"start":{"line":10,"column":13},"end":{"line":10,"column":47}},"type":"binary-expr","locations":[{"start":{"line":10,"column":13},"end":{"line":10,"column":36}},{"start":{"line":10,"column":40},"end":{"line":10,"column":47}}],"line":10},"2":{"loc":{"start":{"line":11,"column":17},"end":{"line":11,"column":54}},"type":"binary-expr","locations":[{"start":{"line":11,"column":17},"end":{"line":11,"column":37}},{"start":{"line":11,"column":41},"end":{"line":11,"column":54}}],"line":11},"3":{"loc":{"start":{"line":20,"column":0},"end":{"line":25,"column":1}},"type":"if","locations":[{"start":{"line":20,"column":0},"end":{"line":25,"column":1}},{"start":{},"end":{}}],"line":20}},"s":{"0":1,"1":1,"2":1,"3":1,"4":1,"5":2,"6":1,"7":1,"8":1,"9":0,"10":0,"11":1},"f":{"0":2,"1":1,"2":0},"b":{"0":[1,1],"1":[2,2],"2":[2,0],"3":[0,1]},"_coverageSchema":"1a1c01bbd47fc00a2c39e90264f33305004495a9","hash":"d0323a3e036f827da51efedcf7696198f133868c"}
}
